/opt/conda/conda-bld/pytorch_1634272168290/work/aten/src/ATen/native/cuda/Loss.cu:247: nll_loss_forward_reduce_cuda_kernel_2d: block: [0,0,0], thread: [0,0,0] Assertion `t >= 0 && t < n_classes` failed.
/opt/conda/conda-bld/pytorch_1634272168290/work/aten/src/ATen/native/cuda/Loss.cu:247: nll_loss_forward_reduce_cuda_kernel_2d: block: [0,0,0], thread: [1,0,0] Assertion `t >= 0 && t < n_classes` failed.
/opt/conda/conda-bld/pytorch_1634272168290/work/aten/src/ATen/native/cuda/Loss.cu:247: nll_loss_forward_reduce_cuda_kernel_2d: block: [0,0,0], thread: [2,0,0] Assertion `t >= 0 && t < n_classes` failed.
======================================================================
ðŸ”¬ KERNEL-GUIDED FUZZING (Original Strategy)
======================================================================
API: torch.nn.CrossEntropyLoss
Max Iterations: 3,500
Strategy: 80% DB Sampling + Standard Mutation (No Constraints)
======================================================================
ðŸ“ Config: /workspace/FreeFuzz/src/config/demo_torch.conf

======================================================================
PHASE 1: RANDOM BASELINE (Original FreeFuzz)
======================================================================
[Fuzzer] Random | Corpus: False | Oracles: 3

======================================================================
Starting Random: 0 â†’ 3500
======================================================================

  ðŸ”„ [Random] STAGNATION RESET #1
  ðŸ”„ [Random] STAGNATION RESET #2
  ðŸ”„ [Random] STAGNATION RESET #3

--- Checkpoint 175/3500 (0.2m) ---
Kernels: 0 (Compute: 0)
Speed: 49.3 it/s | Elapsed: 9s | ETA: 3m 7s
  ðŸ”„ [Random] STAGNATION RESET #4
  ðŸ”„ [Random] STAGNATION RESET #5
  ðŸ”„ [Random] STAGNATION RESET #6
  ðŸ”„ [Random] STAGNATION RESET #7

--- Checkpoint 350/3500 (0.2m) ---
Kernels: 0 (Compute: 0)
Speed: 52.0 it/s | Elapsed: 13s | ETA: 1m 58s
  ðŸ”„ [Random] STAGNATION RESET #8
  ðŸ”„ [Random] STAGNATION RESET #9
  ðŸ”„ [Random] STAGNATION RESET #10

--- Checkpoint 525/3500 (0.3m) ---
Kernels: 0 (Compute: 0)
Speed: 46.4 it/s | Elapsed: 16s | ETA: 1m 35s
  ðŸ”„ [Random] STAGNATION RESET #11
  ðŸ”„ [Random] STAGNATION RESET #12
  ðŸ”„ [Random] STAGNATION RESET #13
  ðŸ”„ [Random] STAGNATION RESET #14

--- Checkpoint 700/3500 (0.3m) ---
Kernels: 0 (Compute: 0)
Speed: 46.7 it/s | Elapsed: 20s | ETA: 1m 22s
  ðŸ”„ [Random] STAGNATION RESET #15
  ðŸ”„ [Random] STAGNATION RESET #16
  ðŸ”„ [Random] STAGNATION RESET #17

--- Checkpoint 875/3500 (0.4m) ---
Kernels: 0 (Compute: 0)
Speed: 42.9 it/s | Elapsed: 24s | ETA: 1m 13s
  ðŸ”„ [Random] STAGNATION RESET #18
  ðŸ”„ [Random] STAGNATION RESET #19
  ðŸ”„ [Random] STAGNATION RESET #20
  ðŸ”„ [Random] STAGNATION RESET #21

--- Checkpoint 1050/3500 (0.5m) ---
Kernels: 0 (Compute: 0)
Speed: 43.6 it/s | Elapsed: 28s | ETA: 1m 6s
  ðŸ”„ [Random] STAGNATION RESET #22
  ðŸ”„ [Random] STAGNATION RESET #23
  ðŸ”„ [Random] STAGNATION RESET #24

--- Checkpoint 1225/3500 (0.5m) ---
Kernels: 0 (Compute: 0)
Speed: 51.3 it/s | Elapsed: 31s | ETA: 59s
  ðŸ”„ [Random] STAGNATION RESET #25
  ðŸ”„ [Random] STAGNATION RESET #26
  ðŸ”„ [Random] STAGNATION RESET #27
  ðŸ”„ [Random] STAGNATION RESET #28

--- Checkpoint 1400/3500 (0.6m) ---
Kernels: 0 (Compute: 0)
Speed: 52.9 it/s | Elapsed: 35s | ETA: 52s
  ðŸ”„ [Random] STAGNATION RESET #29
  ðŸ”„ [Random] STAGNATION RESET #30
  ðŸ”„ [Random] STAGNATION RESET #31

--- Checkpoint 1575/3500 (0.7m) ---
Kernels: 0 (Compute: 0)
Speed: 42.4 it/s | Elapsed: 39s | ETA: 47s
  ðŸ”„ [Random] STAGNATION RESET #32
  ðŸ”„ [Random] STAGNATION RESET #33
  ðŸ”„ [Random] STAGNATION RESET #34
  ðŸ”„ [Random] STAGNATION RESET #35

--- Checkpoint 1750/3500 (0.7m) ---
Kernels: 0 (Compute: 0)
Speed: 40.5 it/s | Elapsed: 43s | ETA: 43s
  ðŸ”„ [Random] STAGNATION RESET #36
  ðŸ”„ [Random] STAGNATION RESET #37
  ðŸ”„ [Random] STAGNATION RESET #38

--- Checkpoint 1925/3500 (0.8m) ---
Kernels: 0 (Compute: 0)
Speed: 40.9 it/s | Elapsed: 47s | ETA: 38s
  ðŸ”„ [Random] STAGNATION RESET #39
  ðŸ”„ [Random] STAGNATION RESET #40
  ðŸ”„ [Random] STAGNATION RESET #41
  ðŸ”„ [Random] STAGNATION RESET #42

--- Checkpoint 2100/3500 (0.9m) ---
Kernels: 0 (Compute: 0)
Speed: 41.7 it/s | Elapsed: 51s | ETA: 34s
  ðŸ”„ [Random] STAGNATION RESET #43
  ðŸ”„ [Random] STAGNATION RESET #44
  ðŸ”„ [Random] STAGNATION RESET #45

--- Checkpoint 2275/3500 (0.9m) ---
Kernels: 0 (Compute: 0)
Speed: 48.2 it/s | Elapsed: 55s | ETA: 29s
  ðŸ”„ [Random] STAGNATION RESET #46
  ðŸ”„ [Random] STAGNATION RESET #47
  ðŸ”„ [Random] STAGNATION RESET #48
  ðŸ”„ [Random] STAGNATION RESET #49

--- Checkpoint 2450/3500 (1.0m) ---
Kernels: 0 (Compute: 0)
Speed: 47.0 it/s | Elapsed: 58s | ETA: 25s
  ðŸ”„ [Random] STAGNATION RESET #50
  ðŸ”„ [Random] STAGNATION RESET #51
  ðŸ”„ [Random] STAGNATION RESET #52

--- Checkpoint 2625/3500 (1.0m) ---
Kernels: 0 (Compute: 0)
Speed: 45.6 it/s | Elapsed: 1m 2s | ETA: 20s
  ðŸ”„ [Random] STAGNATION RESET #53
  ðŸ”„ [Random] STAGNATION RESET #54
  ðŸ”„ [Random] STAGNATION RESET #55
  ðŸ”„ [Random] STAGNATION RESET #56

--- Checkpoint 2800/3500 (1.1m) ---
Kernels: 0 (Compute: 0)
Speed: 45.1 it/s | Elapsed: 1m 6s | ETA: 16s
  ðŸ”„ [Random] STAGNATION RESET #57
  ðŸ”„ [Random] STAGNATION RESET #58
  ðŸ”„ [Random] STAGNATION RESET #59

--- Checkpoint 2975/3500 (1.2m) ---
Kernels: 0 (Compute: 0)
Speed: 42.7 it/s | Elapsed: 1m 10s | ETA: 12s
  ðŸ”„ [Random] STAGNATION RESET #60
  ðŸ”„ [Random] STAGNATION RESET #61
  ðŸ”„ [Random] STAGNATION RESET #62
  ðŸ”„ [Random] STAGNATION RESET #63

--- Checkpoint 3150/3500 (1.2m) ---
Kernels: 0 (Compute: 0)
Speed: 45.9 it/s | Elapsed: 1m 14s | ETA: 8s
  ðŸ”„ [Random] STAGNATION RESET #64
  ðŸ”„ [Random] STAGNATION RESET #65
  ðŸ”„ [Random] STAGNATION RESET #66

--- Checkpoint 3325/3500 (1.3m) ---
Kernels: 0 (Compute: 0)
Speed: 41.9 it/s | Elapsed: 1m 18s | ETA: 4s
  ðŸ”„ [Random] STAGNATION RESET #67
  ðŸ”„ [Random] STAGNATION RESET #68
  ðŸ”„ [Random] STAGNATION RESET #69
  ðŸ”„ [Random] STAGNATION RESET #70

--- Checkpoint 3500/3500 (1.4m) ---
Kernels: 0 (Compute: 0)
Speed: 38.9 it/s | Elapsed: 1m 23s | ETA: 0s

======================================================================
Random completed in 1.4 min
======================================================================

======================================================================
STATS: Random
======================================================================
Kernels: 0 | Compute: 0 | Dirty: 0
Stagnation Resets: 70

[Random] Bugs: Total=0 | CRASH=0 | CUDA=0 | PRECISION=0
         Deep=0 | Shallow=0

======================================================================
PHASE 2: KERNEL-GUIDED (80% DB Sampling Only)
======================================================================
[Patch] âœ… Database sampling: 20% â†’ 80%
[Fuzzer] Guided | Corpus: True | Oracles: 3

======================================================================
Starting Guided: 0 â†’ 3500
======================================================================

  ðŸ”„ [Guided] STAGNATION RESET #1
  ðŸ”„ [Guided] STAGNATION RESET #2
  ðŸ”„ [Guided] STAGNATION RESET #3

--- Checkpoint 175/3500 (0.0m) ---
Kernels: 0 (Compute: 0)
Speed: 70.7 it/s | Elapsed: 2s | ETA: 43s
Corpus: 0
  ðŸ”„ [Guided] STAGNATION RESET #4
  ðŸ”„ [Guided] STAGNATION RESET #5
  ðŸ”„ [Guided] STAGNATION RESET #6
  ðŸ”„ [Guided] STAGNATION RESET #7

--- Checkpoint 350/3500 (0.1m) ---
Kernels: 0 (Compute: 0)
Speed: 64.1 it/s | Elapsed: 4s | ETA: 44s
Corpus: 0
  ðŸ”„ [Guided] STAGNATION RESET #8
  ðŸ”„ [Guided] STAGNATION RESET #9
  ðŸ”„ [Guided] STAGNATION RESET #10

--- Checkpoint 525/3500 (0.1m) ---
Kernels: 0 (Compute: 0)
Speed: 66.5 it/s | Elapsed: 7s | ETA: 43s
Corpus: 0
  ðŸ”„ [Guided] STAGNATION RESET #11
  ðŸ”„ [Guided] STAGNATION RESET #12
  ðŸ”„ [Guided] STAGNATION RESET #13
  ðŸ”„ [Guided] STAGNATION RESET #14

--- Checkpoint 700/3500 (0.2m) ---
Kernels: 0 (Compute: 0)
Speed: 61.8 it/s | Elapsed: 10s | ETA: 42s
Corpus: 0
  ðŸ”„ [Guided] STAGNATION RESET #15
  ðŸ”„ [Guided] STAGNATION RESET #16
  ðŸ”„ [Guided] STAGNATION RESET #17

--- Checkpoint 875/3500 (0.2m) ---
Kernels: 0 (Compute: 0)
Speed: 55.1 it/s | Elapsed: 13s | ETA: 41s
Corpus: 0
  ðŸ”„ [Guided] STAGNATION RESET #18
  ðŸ”„ [Guided] STAGNATION RESET #19
  ðŸ”„ [Guided] STAGNATION RESET #20
  ðŸ”„ [Guided] STAGNATION RESET #21

--- Checkpoint 1050/3500 (0.3m) ---
Kernels: 0 (Compute: 0)
Speed: 63.1 it/s | Elapsed: 16s | ETA: 38s
Corpus: 0
  ðŸ”„ [Guided] STAGNATION RESET #22
  ðŸ”„ [Guided] STAGNATION RESET #23
  ðŸ”„ [Guided] STAGNATION RESET #24

--- Checkpoint 1225/3500 (0.3m) ---
Kernels: 0 (Compute: 0)
Speed: 63.0 it/s | Elapsed: 19s | ETA: 35s
Corpus: 0
  ðŸ”„ [Guided] STAGNATION RESET #25
  ðŸ”„ [Guided] STAGNATION RESET #26
  ðŸ”„ [Guided] STAGNATION RESET #27benchmark_full_oracle_tc.py:745: UserWarning: This figure includes Axes that are not compatible with tight_layout, so results might be incorrect.
  plt.tight_layout()
benchmark_full_oracle_tc.py:748: UserWarning: Glyph 127919 (\N{DIRECT HIT}) missing from current font.
  plt.savefig(plot_file, dpi=150, bbox_inches='tight')
benchmark_full_oracle_tc.py:748: UserWarning: Glyph 128465 (\N{WASTEBASKET}) missing from current font.
  plt.savefig(plot_file, dpi=150, bbox_inches='tight')
benchmark_full_oracle_tc.py:748: UserWarning: Glyph 128203 (\N{CLIPBOARD}) missing from current font.
  plt.savefig(plot_file, dpi=150, bbox_inches='tight')

  ðŸ”„ [Guided] STAGNATION RESET #28

--- Checkpoint 1400/3500 (0.4m) ---
Kernels: 0 (Compute: 0)
Speed: 58.0 it/s | Elapsed: 22s | ETA: 33s
Corpus: 0
  ðŸ”„ [Guided] STAGNATION RESET #29
  ðŸ”„ [Guided] STAGNATION RESET #30
  ðŸ”„ [Guided] STAGNATION RESET #31

--- Checkpoint 1575/3500 (0.4m) ---
Kernels: 0 (Compute: 0)
Speed: 55.0 it/s | Elapsed: 25s | ETA: 31s
Corpus: 0
  ðŸ”„ [Guided] STAGNATION RESET #32
  ðŸ”„ [Guided] STAGNATION RESET #33
  ðŸ”„ [Guided] STAGNATION RESET #34
  ðŸ”„ [Guided] STAGNATION RESET #35

--- Checkpoint 1750/3500 (0.5m) ---
Kernels: 0 (Compute: 0)
Speed: 54.5 it/s | Elapsed: 28s | ETA: 28s
Corpus: 0
  ðŸ”„ [Guided] STAGNATION RESET #36
  ðŸ”„ [Guided] STAGNATION RESET #37
  ðŸ”„ [Guided] STAGNATION RESET #38

--- Checkpoint 1925/3500 (0.5m) ---
Kernels: 0 (Compute: 0)
Speed: 52.7 it/s | Elapsed: 31s | ETA: 26s
Corpus: 0
  ðŸ”„ [Guided] STAGNATION RESET #39
  ðŸ”„ [Guided] STAGNATION RESET #40
  ðŸ”„ [Guided] STAGNATION RESET #41
  ðŸ”„ [Guided] STAGNATION RESET #42

--- Checkpoint 2100/3500 (0.6m) ---
Kernels: 0 (Compute: 0)
Speed: 48.3 it/s | Elapsed: 35s | ETA: 23s
Corpus: 0
  ðŸ”„ [Guided] STAGNATION RESET #43
  ðŸ”„ [Guided] STAGNATION RESET #44
  ðŸ”„ [Guided] STAGNATION RESET #45

--- Checkpoint 2275/3500 (0.7m) ---
Kernels: 0 (Compute: 0)
Speed: 49.6 it/s | Elapsed: 39s | ETA: 21s
Corpus: 0
  ðŸ”„ [Guided] STAGNATION RESET #46
  ðŸ”„ [Guided] STAGNATION RESET #47
  ðŸ”„ [Guided] STAGNATION RESET #48
  ðŸ”„ [Guided] STAGNATION RESET #49

--- Checkpoint 2450/3500 (0.7m) ---
Kernels: 0 (Compute: 0)
Speed: 48.3 it/s | Elapsed: 42s | ETA: 18s
Corpus: 0
  ðŸ”„ [Guided] STAGNATION RESET #50
  ðŸ”„ [Guided] STAGNATION RESET #51
  ðŸ”„ [Guided] STAGNATION RESET #52

--- Checkpoint 2625/3500 (0.8m) ---
Kernels: 0 (Compute: 0)
Speed: 49.3 it/s | Elapsed: 46s | ETA: 15s
Corpus: 0
  ðŸ”„ [Guided] STAGNATION RESET #53
  ðŸ”„ [Guided] STAGNATION RESET #54
  ðŸ”„ [Guided] STAGNATION RESET #55
  ðŸ”„ [Guided] STAGNATION RESET #56

--- Checkpoint 2800/3500 (0.8m) ---
Kernels: 0 (Compute: 0)
Speed: 44.4 it/s | Elapsed: 50s | ETA: 12s
Corpus: 0
  ðŸ”„ [Guided] STAGNATION RESET #57
  ðŸ”„ [Guided] STAGNATION RESET #58
  ðŸ”„ [Guided] STAGNATION RESET #59

--- Checkpoint 2975/3500 (0.9m) ---
Kernels: 0 (Compute: 0)
Speed: 45.6 it/s | Elapsed: 53s | ETA: 9s
Corpus: 0
  ðŸ”„ [Guided] STAGNATION RESET #60
  ðŸ”„ [Guided] STAGNATION RESET #61
  ðŸ”„ [Guided] STAGNATION RESET #62
  ðŸ”„ [Guided] STAGNATION RESET #63

--- Checkpoint 3150/3500 (1.0m) ---
Kernels: 0 (Compute: 0)
Speed: 44.0 it/s | Elapsed: 57s | ETA: 6s
Corpus: 0
  ðŸ”„ [Guided] STAGNATION RESET #64
  ðŸ”„ [Guided] STAGNATION RESET #65
  ðŸ”„ [Guided] STAGNATION RESET #66

--- Checkpoint 3325/3500 (1.0m) ---
Kernels: 0 (Compute: 0)
Speed: 43.1 it/s | Elapsed: 1m 2s | ETA: 3s
Corpus: 0
  ðŸ”„ [Guided] STAGNATION RESET #67
  ðŸ”„ [Guided] STAGNATION RESET #68
  ðŸ”„ [Guided] STAGNATION RESET #69
  ðŸ”„ [Guided] STAGNATION RESET #70

--- Checkpoint 3500/3500 (1.1m) ---
Kernels: 0 (Compute: 0)
Speed: 40.5 it/s | Elapsed: 1m 6s | ETA: 0s
Corpus: 0

======================================================================
Guided completed in 1.1 min
======================================================================

======================================================================
STATS: Guided
======================================================================
Kernels: 0 | Compute: 0 | Dirty: 0
Stagnation Resets: 70

[Guided] Bugs: Total=0 | CRASH=0 | CUDA=0 | PRECISION=0
         Deep=0 | Shallow=0
[Patch] ðŸ”„ Database sampling restored

ðŸ“Š Plot saved: clean_batch_20251218_173843/torch_nn_CrossEntropyLoss/torch_nn_CrossEntropyLoss_analysis.png

======================================================================
ðŸ“ˆ KEY INSIGHTS
======================================================================
Compute Kernel Ratio (Guided/Random): 0.00x
Deep Bug Ratio (Guided/Random):       0.00x

ðŸ’¾ Results saved: clean_batch_20251218_173843/torch_nn_CrossEntropyLoss/torch_nn_CrossEntropyLoss_results.json
