/pytorch/aten/src/ATen/native/cuda/Loss.cu:245: nll_loss_forward_reduce_cuda_kernel_2d: block: [0,0,0], thread: [1,0,0] Assertion `t >= 0 && t < n_classes` failed.
/pytorch/aten/src/ATen/native/cuda/Loss.cu:245: nll_loss_forward_reduce_cuda_kernel_2d: block: [0,0,0], thread: [2,0,0] Assertion `t >= 0 && t < n_classes` failed.
/pytorch/aten/src/ATen/native/cuda/Loss.cu:245: nll_loss_forward_reduce_cuda_kernel_2d: block: [0,0,0], thread: [3,0,0] Assertion `t >= 0 && t < n_classes` failed.
/pytorch/aten/src/ATen/native/cuda/Loss.cu:245: nll_loss_forward_reduce_cuda_kernel_2d: block: [0,0,0], thread: [4,0,0] Assertion `t >= 0 && t < n_classes` failed.
/pytorch/aten/src/ATen/native/cuda/Loss.cu:245: nll_loss_forward_reduce_cuda_kernel_2d: block: [0,0,0], thread: [5,0,0] Assertion `t >= 0 && t < n_classes` failed.
/pytorch/aten/src/ATen/native/cuda/Loss.cu:245: nll_loss_forward_reduce_cuda_kernel_2d: block: [0,0,0], thread: [8,0,0] Assertion `t >= 0 && t < n_classes` failed.
/pytorch/aten/src/ATen/native/cuda/Loss.cu:245: nll_loss_forward_reduce_cuda_kernel_2d: block: [0,0,0], thread: [9,0,0] Assertion `t >= 0 && t < n_classes` failed.
/pytorch/aten/src/ATen/native/cuda/Loss.cu:245: nll_loss_forward_reduce_cuda_kernel_2d: block: [0,0,0], thread: [10,0,0] Assertion `t >= 0 && t < n_classes` failed.
/pytorch/aten/src/ATen/native/cuda/Loss.cu:245: nll_loss_forward_reduce_cuda_kernel_2d: block: [0,0,0], thread: [11,0,0] Assertion `t >= 0 && t < n_classes` failed.
/pytorch/aten/src/ATen/native/cuda/Loss.cu:245: nll_loss_forward_reduce_cuda_kernel_2d: block: [0,0,0], thread: [12,0,0] Assertion `t >= 0 && t < n_classes` failed.
/pytorch/aten/src/ATen/native/cuda/Loss.cu:245: nll_loss_forward_reduce_cuda_kernel_2d: block: [0,0,0], thread: [13,0,0] Assertion `t >= 0 && t < n_classes` failed.
/pytorch/aten/src/ATen/native/cuda/Loss.cu:245: nll_loss_forward_reduce_cuda_kernel_2d: block: [0,0,0], thread: [14,0,0] Assertion `t >= 0 && t < n_classes` failed.
/pytorch/aten/src/ATen/native/cuda/Loss.cu:245: nll_loss_forward_reduce_cuda_kernel_2d: block: [0,0,0], thread: [15,0,0] Assertion `t >= 0 && t < n_classes` failed.
/pytorch/aten/src/ATen/native/cuda/Loss.cu:245: nll_loss_forward_reduce_cuda_kernel_2d: block: [0,0,0], thread: [16,0,0] Assertion `t >= 0 && t < n_classes` failed.
/pytorch/aten/src/ATen/native/cuda/Loss.cu:245: nll_loss_forward_reduce_cuda_kernel_2d: block: [0,0,0], thread: [17,0,0] Assertion `t >= 0 && t < n_classes` failed.
/pytorch/aten/src/ATen/native/cuda/Loss.cu:245: nll_loss_forward_reduce_cuda_kernel_2d: block: [0,0,0], thread: [18,0,0] Assertion `t >= 0 && t < n_classes` failed.
/pytorch/aten/src/ATen/native/cuda/Loss.cu:245: nll_loss_forward_reduce_cuda_kernel_2d: block: [0,0,0], thread: [19,0,0] Assertion `t >= 0 && t < n_classes` failed.
/pytorch/aten/src/ATen/native/cuda/Loss.cu:245: nll_loss_forward_reduce_cuda_kernel_2d: block: [0,0,0], thread: [20,0,0] Assertion `t >= 0 && t < n_classes` failed.
/pytorch/aten/src/ATen/native/cuda/Loss.cu:245: nll_loss_forward_reduce_cuda_kernel_2d: block: [0,0,0], thread: [21,0,0] Assertion `t >= 0 && t < n_classes` failed.
/pytorch/aten/src/ATen/native/cuda/Loss.cu:245: nll_loss_forward_reduce_cuda_kernel_2d: block: [0,0,0], thread: [22,0,0] Assertion `t >= 0 && t < n_classes` failed.
/pytorch/aten/src/ATen/native/cuda/Loss.cu:245: nll_loss_forward_reduce_cuda_kernel_2d: block: [0,0,0], thread: [24,0,0] Assertion `t >= 0 && t < n_classes` failed.
/pytorch/aten/src/ATen/native/cuda/Loss.cu:245: nll_loss_forward_reduce_cuda_kernel_2d: block: [0,0,0], thread: [25,0,0] Assertion `t >= 0 && t < n_classes` failed.
/pytorch/aten/src/ATen/native/cuda/Loss.cu:245: nll_loss_forward_reduce_cuda_kernel_2d: block: [0,0,0], thread: [26,0,0] Assertion `t >= 0 && t < n_classes` failed.
/pytorch/aten/src/ATen/native/cuda/Loss.cu:245: nll_loss_forward_reduce_cuda_kernel_2d: block: [0,0,0], thread: [28,0,0] Assertion `t >= 0 && t < n_classes` failed.
<string>:4: UserWarning: ComplexHalf support is experimental and many operators don't support it yet. (Triggered internally at /pytorch/aten/src/ATen/EmptyTensor.cpp:55.)
======================================================================
🔬 HYBRID STRATEGY BENCHMARK + POISON INJECTION
======================================================================
API: torch.nn.CrossEntropyLoss
Max Iterations: 2,500
Strategy: ε-greedy (10% exploration) + Adaptive Mutation
🧪 Poison Injection: 5% Inf + 5% NaN + 10% Extreme
🎯 Precision Tolerance: 1e-06
Oracles: CRASH + CUDA + PRECISION
======================================================================
📝 Config: /data1/tzh/FreeFuzz-baseline/FreeFuzz/src/config/demo_torch.conf
[Patch] 🧪 Poison Injection enabled: 5% Inf + 5% NaN + 10% Extreme (ALL strategies)

======================================================================
PHASE 1: RANDOM BASELINE (All Oracles + Poison)
======================================================================
[Fuzzer] 🎯 Precision tolerance: diff_bound=1e-06
[Fuzzer] Using ALL oracles: CRASH + CUDA + PRECISION
[Logger] Trace file: poison_batch_20251215_212232/torch_nn_CrossEntropyLoss/random/torch_nn_CrossEntropyLoss_random_trace.jsonl
[Checkpoint] Manager initialized: torch_nn_CrossEntropyLoss_random_checkpoint.pkl
[Safety] Guards enabled: Speedometer + DiskGuard + OutlierFilter

[Fuzzer] Initialized: Random
  API: torch.nn.CrossEntropyLoss
  Patches: Disabled
  Hybrid Strategy: N/A
  Data Logging: Enabled
  Checkpoint: Enabled
  Safety Guards: Enabled

======================================================================
Starting Random fuzzing
Iterations: 0 → 2500
======================================================================


--- Checkpoint: 125/2500 (0.0 min) ---
Kernels: 0 | Bugs: 0 | Valid: 100.0%
Speed: 80.30 it/s (avg: 44.28) | Elapsed: 2s | ETA: 53s
Disk: 1941.10 GB free (81.0% used)
Filter: 0/125 filtered (0.0%)

--- Checkpoint: 250/2500 (0.1 min) ---
Kernels: 0 | Bugs: 0 | Valid: 100.0%
Speed: 86.86 it/s (avg: 58.67) | Elapsed: 4s | ETA: 38s
Disk: 1941.10 GB free (81.0% used)
Filter: 0/250 filtered (0.0%)

--- Checkpoint: 375/2500 (0.1 min) ---
Kernels: 0 | Bugs: 0 | Valid: 100.0%
Speed: 80.09 it/s (avg: 64.51) | Elapsed: 5s | ETA: 32s
Disk: 1941.10 GB free (81.0% used)
Filter: 0/375 filtered (0.0%)

--- Checkpoint: 500/2500 (0.1 min) ---
Kernels: 0 | Bugs: 0 | Valid: 100.0%
Speed: 77.52 it/s (avg: 67.36) | Elapsed: 7s | ETA: 29s
Disk: 1941.10 GB free (81.0% used)
Filter: 0/500 filtered (0.0%)

--- Checkpoint: 625/2500 (0.2 min) ---
Kernels: 0 | Bugs: 0 | Valid: 100.0%
Speed: 71.92 it/s (avg: 68.48) | Elapsed: 9s | ETA: 27s
Disk: 1941.10 GB free (81.0% used)
Filter: 0/625 filtered (0.0%)

--- Checkpoint: 750/2500 (0.2 min) ---
Kernels: 0 | Bugs: 0 | Valid: 100.0%
Speed: 64.64 it/s (avg: 67.89) | Elapsed: 11s | ETA: 25s
Disk: 1941.09 GB free (81.0% used)
Filter: 0/750 filtered (0.0%)

--- Checkpoint: 875/2500 (0.2 min) ---
Kernels: 0 | Bugs: 0 | Valid: 100.0%
Speed: 66.55 it/s (avg: 67.57) | Elapsed: 12s | ETA: 24s
Disk: 1941.09 GB free (81.0% used)
Filter: 0/875 filtered (0.0%)

--- Checkpoint: 1000/2500 (0.2 min) ---
Kernels: 0 | Bugs: 0 | Valid: 100.0%
Speed: 59.37 it/s (avg: 66.72) | Elapsed: 14s | ETA: 22s
Disk: 1941.09 GB free (81.0% used)
Filter: 0/1000 filtered (0.0%)

--- Checkpoint: 1125/2500 (0.3 min) ---
Kernels: 0 | Bugs: 0 | Valid: 100.0%
Speed: 66.61 it/s (avg: 66.62) | Elapsed: 16s | ETA: 20s
Disk: 1941.09 GB free (81.0% used)
Filter: 0/1125 filtered (0.0%)

--- Checkpoint: 1250/2500 (0.3 min) ---
Kernels: 0 | Bugs: 0 | Valid: 100.0%
Speed: 69.70 it/s (avg: 66.90) | Elapsed: 18s | ETA: 18s
Disk: 1941.09 GB free (81.0% used)
Filter: 0/1250 filtered (0.0%)

--- Checkpoint: 1375/2500 (0.3 min) ---
Kernels: 0 | Bugs: 0 | Valid: 100.0%
Speed: 60.49 it/s (avg: 66.31) | Elapsed: 20s | ETA: 16s
Disk: 1941.09 GB free (81.0% used)
Filter: 0/1375 filtered (0.0%)

--- Checkpoint: 1500/2500 (0.4 min) ---
Kernels: 0 | Bugs: 0 | Valid: 100.0%
Speed: 61.30 it/s (avg: 65.74) | Elapsed: 22s | ETA: 15s
Disk: 1941.08 GB free (81.0% used)
Filter: 0/1500 filtered (0.0%)

--- Checkpoint: 1625/2500 (0.4 min) ---
Kernels: 0 | Bugs: 0 | Valid: 100.0%
Speed: 58.16 it/s (avg: 65.10) | Elapsed: 24s | ETA: 13s
Disk: 1941.08 GB free (81.0% used)
Filter: 0/1625 filtered (0.0%)

--- Checkpoint: 1750/2500 (0.4 min) ---
Kernels: 0 | Bugs: 0 | Valid: 100.0%
Speed: 61.33 it/s (avg: 64.91) | Elapsed: 26s | ETA: 11s
Disk: 1941.08 GB free (81.0% used)
Filter: 0/1750 filtered (0.0%)

--- Checkpoint: 1875/2500 (0.5 min) ---
Kernels: 0 | Bugs: 0 | Valid: 100.0%
Speed: 60.35 it/s (avg: 64.62) | Elapsed: 29s | ETA: 9s
Disk: 1941.08 GB free (81.0% used)
Filter: 0/1875 filtered (0.0%)

--- Checkpoint: 2000/2500 (0.5 min) ---
Kernels: 0 | Bugs: 0 | Valid: 100.0%
Speed: 55.42 it/s (avg: 63.98) | Elapsed: 31s | ETA: 7s
Disk: 1941.08 GB free (81.0% used)
Filter: 0/2000 filtered (0.0%)

--- Checkpoint: 2125/2500 (0.6 min) ---
Kernels: 0 | Bugs: 0 | Valid: 100.0%
Speed: 54.53 it/s (avg: 63.35) | Elapsed: 33s | ETA: 5s
Disk: 1941.08 GB free (81.0% used)
Filter: 0/2125 filtered (0.0%)

--- Checkpoint: 2250/2500 (0.6 min) ---
Kernels: 0 | Bugs: 0 | Valid: 100.0%
Speed: 37.86 it/s (avg: 61.36) | Elapsed: 36s | ETA: 4s
Disk: 1941.08 GB free (81.0% used)
Filter: 0/2250 filtered (0.0%)

--- Checkpoint: 2375/2500 (0.7 min) ---
Kernels: 0 | Bugs: 0 | Valid: 100.0%
Speed: 50.54 it/s (avg: 60.68) | Elapsed: 39s | ETA: 2s
Disk: 1941.07 GB free (81.0% used)
Filter: 0/2375 filtered (0.0%)

--- Checkpoint: 2500/2500 (0.7 min) ---
Kernels: 0 | Bugs: 0 | Valid: 100.0%
Speed: 52.11 it/s (avg: 60.23) | Elapsed: 41s | ETA: 0s
Disk: 1941.07 GB free (81.0% used)
Filter: 0/2500 filtered (0.0%)
[Checkpoint] Cleared

======================================================================
Fuzzing completed: Random
Total time: 0.7 minutes
Valid Rate: 100.0%
Trace file: poison_batch_20251215_212232/torch_nn_CrossEntropyLoss/random/torch_nn_CrossEntropyLoss_random_trace.jsonl
Average Speed: 60.20 it/s
Final Disk Usage: 1941.07 GB free
Outliers Filtered: 0/2500
======================================================================

======================================================================
FINAL STATISTICS: Random
======================================================================
Total Kernels: 0

======================================================================
BUG DETECTION SUMMARY: Random
======================================================================
Total Bugs Found:    0
  🔥 CRASH:          0
  🔀 CUDA:           0
  ⚡ PRECISION:      0
======================================================================

======================================================================
PHASE 2: KERNEL-GUIDED WITH HYBRID STRATEGY (+ Poison)
======================================================================
[Patch] ✅ Database sampling: 20% → 80%
[Fuzzer] 🎯 Precision tolerance: diff_bound=1e-06
[Fuzzer] Using ALL oracles: CRASH + CUDA + PRECISION
[Logger] Trace file: poison_batch_20251215_212232/torch_nn_CrossEntropyLoss/guided/torch_nn_CrossEntropyLoss_guided_trace.jsonl
[Checkpoint] Manager initialized: torch_nn_CrossEntropyLoss_guided_checkpoint.pkl
[Safety] Guards enabled: Speedometer + DiskGuard + OutlierFilter

[Fuzzer] Initialized: Guided
  API: torch.nn.CrossEntropyLoss
  Patches: Enabled
  Hybrid Strategy: Active
  Data Logging: Enabled
  Checkpoint: Enabled
  Safety Guards: Enabled
[Patch] ✅ Adaptive Mutation enabled: range=±8 (Guided only)

======================================================================
Starting Guided fuzzing
Hybrid Strategy: ε-greedy + Adaptive Mutation
Iterations: 0 → 2500
======================================================================


--- Checkpoint: 125/2500 (0.0 min) ---
Kernels: 0 | Bugs: 0 | Valid: 100.0%
Speed: 83.83 it/s (avg: 82.79) | Elapsed: 1s | ETA: 28s
Disk: 1941.07 GB free (81.0% used)
Filter: 0/125 filtered (0.0%)
Corpus: 0 seeds
Mutation: Explore: 9/125 (7.2%) | Mode: Normal | ε=0.10, range=±8

--- Checkpoint: 250/2500 (0.1 min) ---
Kernels: 0 | Bugs: 0 | Valid: 100.0%
Speed: 77.84 it/s (avg: 81.31) | Elapsed: 3s | ETA: 27s
Disk: 1941.07 GB free (81.0% used)
Filter: 0/250 filtered (0.0%)
Corpus: 0 seeds
/data1/tzh/FreeFuzz-baseline/FreeFuzz/src/benchmark_full_oracle.py:1412: UserWarning: This figure includes Axes that are not compatible with tight_layout, so results might be incorrect.
  plt.tight_layout()
Mutation: Explore: 20/250 (8.0%) | Mode: Normal | ε=0.10, range=±8

--- Checkpoint: 375/2500 (0.1 min) ---
Kernels: 0 | Bugs: 0 | Valid: 100.0%
Speed: 74.42 it/s (avg: 76.85) | Elapsed: 4s | ETA: 27s
Disk: 1941.07 GB free (81.0% used)
Filter: 0/375 filtered (0.0%)
Corpus: 0 seeds
Mutation: Explore: 37/375 (9.9%) | Mode: Normal | ε=0.10, range=±8

--- Checkpoint: 500/2500 (0.1 min) ---
Kernels: 0 | Bugs: 0 | Valid: 100.0%
Speed: 73.33 it/s (avg: 76.41) | Elapsed: 6s | ETA: 26s
Disk: 1941.07 GB free (81.0% used)
Filter: 0/500 filtered (0.0%)
Corpus: 0 seeds
Mutation: Explore: 47/500 (9.4%) | Mode: Normal | ε=0.10, range=±8

🔍 Expanding search (stagnation: 501 iters)
  🔍 [Mutation] Expansion mode: ε=0.3, range=±64

--- Checkpoint: 625/2500 (0.1 min) ---
Kernels: 0 | Bugs: 0 | Valid: 100.0%
Speed: 71.45 it/s (avg: 75.44) | Elapsed: 8s | ETA: 24s
Disk: 1941.07 GB free (81.0% used)
Filter: 0/625 filtered (0.0%)
Corpus: 0 seeds
Mutation: Explore: 77/625 (12.3%) | Mode: Expansion | ε=0.30, range=±64

--- Checkpoint: 750/2500 (0.2 min) ---
Kernels: 0 | Bugs: 0 | Valid: 100.0%
Speed: 72.77 it/s (avg: 75.18) | Elapsed: 9s | ETA: 23s
Disk: 1941.06 GB free (81.0% used)
Filter: 0/750 filtered (0.0%)
Corpus: 0 seeds
Mutation: Explore: 108/750 (14.4%) | Mode: Expansion | ε=0.30, range=±64

--- Checkpoint: 875/2500 (0.2 min) ---
Kernels: 0 | Bugs: 0 | Valid: 100.0%
Speed: 70.85 it/s (avg: 74.49) | Elapsed: 11s | ETA: 21s
Disk: 1941.06 GB free (81.0% used)
Filter: 0/875 filtered (0.0%)
Corpus: 0 seeds
Mutation: Explore: 139/875 (15.9%) | Mode: Expansion | ε=0.30, range=±64

--- Checkpoint: 1000/2500 (0.2 min) ---
Kernels: 0 | Bugs: 0 | Valid: 100.0%
Speed: 69.31 it/s (avg: 73.65) | Elapsed: 13s | ETA: 20s
Disk: 1941.06 GB free (81.0% used)
Filter: 0/1000 filtered (0.0%)
Corpus: 0 seeds
Mutation: Explore: 177/1000 (17.7%) | Mode: Expansion | ε=0.30, range=±64

--- Checkpoint: 1125/2500 (0.3 min) ---
Kernels: 0 | Bugs: 0 | Valid: 100.0%
Speed: 63.31 it/s (avg: 72.39) | Elapsed: 15s | ETA: 19s
Disk: 1941.06 GB free (81.0% used)
Filter: 0/1125 filtered (0.0%)
Corpus: 0 seeds
Mutation: Explore: 214/1125 (19.0%) | Mode: Expansion | ε=0.30, range=±64

--- Checkpoint: 1250/2500 (0.3 min) ---
Kernels: 0 | Bugs: 0 | Valid: 100.0%
Speed: 62.30 it/s (avg: 71.37) | Elapsed: 17s | ETA: 17s
Disk: 1941.06 GB free (81.0% used)
Filter: 0/1250 filtered (0.0%)
Corpus: 0 seeds
Mutation: Explore: 242/1250 (19.4%) | Mode: Expansion | ε=0.30, range=±64

--- Checkpoint: 1375/2500 (0.3 min) ---
Kernels: 0 | Bugs: 0 | Valid: 100.0%
Speed: 60.84 it/s (avg: 70.28) | Elapsed: 19s | ETA: 16s
Disk: 1941.06 GB free (81.0% used)
Filter: 0/1375 filtered (0.0%)
Corpus: 0 seeds
Mutation: Explore: 276/1375 (20.1%) | Mode: Expansion | ε=0.30, range=±64

--- Checkpoint: 1500/2500 (0.4 min) ---
Kernels: 0 | Bugs: 0 | Valid: 100.0%
Speed: 59.78 it/s (avg: 69.26) | Elapsed: 21s | ETA: 14s
Disk: 1941.06 GB free (81.0% used)
Filter: 0/1500 filtered (0.0%)
Corpus: 0 seeds
Mutation: Explore: 317/1500 (21.1%) | Mode: Expansion | ε=0.30, range=±64

--- Checkpoint: 1625/2500 (0.4 min) ---
Kernels: 0 | Bugs: 0 | Valid: 100.0%
Speed: 54.63 it/s (avg: 67.96) | Elapsed: 23s | ETA: 12s
Disk: 1941.05 GB free (81.0% used)
Filter: 0/1625 filtered (0.0%)
Corpus: 0 seeds
Mutation: Explore: 354/1625 (21.8%) | Mode: Expansion | ε=0.30, range=±64

--- Checkpoint: 1750/2500 (0.4 min) ---
Kernels: 0 | Bugs: 0 | Valid: 100.0%
Speed: 60.65 it/s (avg: 67.09) | Elapsed: 26s | ETA: 11s
Disk: 1941.05 GB free (81.0% used)
Filter: 0/1750 filtered (0.0%)
Corpus: 0 seeds
Mutation: Explore: 398/1750 (22.7%) | Mode: Expansion | ε=0.30, range=±64

--- Checkpoint: 1875/2500 (0.5 min) ---
Kernels: 0 | Bugs: 0 | Valid: 100.0%
Speed: 59.81 it/s (avg: 66.44) | Elapsed: 28s | ETA: 9s
Disk: 1941.05 GB free (81.0% used)
Filter: 0/1875 filtered (0.0%)
Corpus: 0 seeds
Mutation: Explore: 433/1875 (23.1%) | Mode: Expansion | ε=0.30, range=±64

--- Checkpoint: 2000/2500 (0.5 min) ---
Kernels: 0 | Bugs: 0 | Valid: 100.0%
Speed: 55.29 it/s (avg: 65.61) | Elapsed: 30s | ETA: 7s
Disk: 1941.05 GB free (81.0% used)
Filter: 0/2000 filtered (0.0%)
Corpus: 0 seeds
Mutation: Explore: 471/2000 (23.5%) | Mode: Expansion | ε=0.30, range=±64

--- Checkpoint: 2125/2500 (0.5 min) ---
Kernels: 0 | Bugs: 0 | Valid: 100.0%
Speed: 58.15 it/s (avg: 65.08) | Elapsed: 32s | ETA: 5s
Disk: 1941.05 GB free (81.0% used)
Filter: 0/2125 filtered (0.0%)
Corpus: 0 seeds
Mutation: Explore: 503/2125 (23.7%) | Mode: Expansion | ε=0.30, range=±64

--- Checkpoint: 2250/2500 (0.6 min) ---
Kernels: 0 | Bugs: 0 | Valid: 100.0%
Speed: 56.67 it/s (avg: 64.52) | Elapsed: 34s | ETA: 3s
Disk: 1941.05 GB free (81.0% used)
Filter: 0/2250 filtered (0.0%)
Corpus: 0 seeds
Mutation: Explore: 537/2250 (23.9%) | Mode: Expansion | ε=0.30, range=±64

--- Checkpoint: 2375/2500 (0.6 min) ---
Kernels: 0 | Bugs: 0 | Valid: 100.0%
Speed: 48.93 it/s (avg: 63.57) | Elapsed: 37s | ETA: 1s
Disk: 1941.05 GB free (81.0% used)
Filter: 0/2375 filtered (0.0%)
Corpus: 0 seeds
Mutation: Explore: 578/2375 (24.3%) | Mode: Expansion | ε=0.30, range=±64

--- Checkpoint: 2500/2500 (0.7 min) ---
Kernels: 0 | Bugs: 0 | Valid: 100.0%
Speed: 49.97 it/s (avg: 62.84) | Elapsed: 39s | ETA: 0s
Disk: 1941.04 GB free (81.0% used)
Filter: 0/2500 filtered (0.0%)
Corpus: 0 seeds
Mutation: Explore: 621/2500 (24.8%) | Mode: Expansion | ε=0.30, range=±64
[Checkpoint] Cleared

======================================================================
Fuzzing completed: Guided
Total time: 0.7 minutes
Valid Rate: 100.0%
Trace file: poison_batch_20251215_212232/torch_nn_CrossEntropyLoss/guided/torch_nn_CrossEntropyLoss_guided_trace.jsonl
Average Speed: 62.84 it/s
Final Disk Usage: 1941.04 GB free
Outliers Filtered: 0/2500
Mutation Stats: Explore: 621/2500 (24.8%) | Mode: Expansion | ε=0.30, range=±64
======================================================================

======================================================================
FINAL STATISTICS: Guided
======================================================================
Total Kernels: 0

======================================================================
BUG DETECTION SUMMARY: Guided
======================================================================
Total Bugs Found:    0
  🔥 CRASH:          0
  🔀 CUDA:           0
  ⚡ PRECISION:      0
======================================================================
[Patch] 🔄 Database sampling restored
[Patch] 🔄 Mutations restored
[Patch] 🔄 Poison Injection restored

📊 Hybrid strategy plot saved: poison_batch_20251215_212232/torch_nn_CrossEntropyLoss/torch_nn_CrossEntropyLoss_hybrid_strategy.png

💾 Results saved: poison_batch_20251215_212232/torch_nn_CrossEntropyLoss/torch_nn_CrossEntropyLoss_hybrid_results.json
